<Config>
    <rules>
        <Rule>
            <priority>10</priority>
            <roles>*</roles>
            <workspace>cite</workspace>
            <layer>*</layer>
            <accessMode>WRITE</accessMode>
        </Rule>
        <Rule>
            <priority>15</priority>
            <roles>A</roles>
            <workspace>cite</workspace>
            <layer>*</layer>
            <accessMode>READ</accessMode>
        </Rule>
        <Rule>
            <priority>15</priority>
            <roles>*</roles>
            <workspace>cite</workspace>
            <layer>Buildings</layer>
            <accessMode>READ</accessMode>
            <filter>FID = '113'</filter>
        </Rule>
    </rules>
</Config>
